<?xml version="1.0" encoding="UTF-8"?>
<!-- Generated by org.testng.reporters.JUnitReportReporter -->
<testsuite hostname="1XNGKT3" failures="0" tests="1" name="com.terex.tests.IntegrationScenario" time="376.014" errors="0" timestamp="2025-02-10T17:27:20 IST" skipped="0">
  <testcase classname="com.terex.tests.IntegrationScenario" name="EndToEndQuoteCreationForProAll" time="376.014"/>
</testsuite> <!-- com.terex.tests.IntegrationScenario -->
